{"total": {"lines":{"total":951,"covered":839,"skipped":0,"pct":88.22},"statements":{"total":1036,"covered":900,"skipped":0,"pct":86.87},"functions":{"total":162,"covered":143,"skipped":0,"pct":88.27},"branches":{"total":537,"covered":359,"skipped":0,"pct":66.85},"branchesTrue":{"total":0,"covered":0,"skipped":0,"pct":100}}
,"/home/runner/work/omxfc-vereinswebseite/omxfc-vereinswebseite/resources/js/app.js": {"lines":{"total":37,"covered":27,"skipped":0,"pct":72.97},"functions":{"total":8,"covered":5,"skipped":0,"pct":62.5},"statements":{"total":38,"covered":27,"skipped":0,"pct":71.05},"branches":{"total":26,"covered":12,"skipped":0,"pct":46.15}}
,"/home/runner/work/omxfc-vereinswebseite/omxfc-vereinswebseite/resources/js/bootstrap.js": {"lines":{"total":2,"covered":2,"skipped":0,"pct":100},"functions":{"total":0,"covered":0,"skipped":0,"pct":100},"statements":{"total":2,"covered":2,"skipped":0,"pct":100},"branches":{"total":0,"covered":0,"skipped":0,"pct":100}}
,"/home/runner/work/omxfc-vereinswebseite/omxfc-vereinswebseite/resources/js/changelog.js": {"lines":{"total":43,"covered":43,"skipped":0,"pct":100},"functions":{"total":3,"covered":3,"skipped":0,"pct":100},"statements":{"total":43,"covered":43,"skipped":0,"pct":100},"branches":{"total":14,"covered":14,"skipped":0,"pct":100}}
,"/home/runner/work/omxfc-vereinswebseite/omxfc-vereinswebseite/resources/js/char-editor.js": {"lines":{"total":474,"covered":427,"skipped":0,"pct":90.08},"functions":{"total":78,"covered":74,"skipped":0,"pct":94.87},"statements":{"total":541,"covered":473,"skipped":0,"pct":87.43},"branches":{"total":284,"covered":196,"skipped":0,"pct":69.01}}
,"/home/runner/work/omxfc-vereinswebseite/omxfc-vereinswebseite/resources/js/chronik.js": {"lines":{"total":22,"covered":22,"skipped":0,"pct":100},"functions":{"total":4,"covered":4,"skipped":0,"pct":100},"statements":{"total":24,"covered":24,"skipped":0,"pct":100},"branches":{"total":10,"covered":8,"skipped":0,"pct":80}}
,"/home/runner/work/omxfc-vereinswebseite/omxfc-vereinswebseite/resources/js/dashboard.js": {"lines":{"total":2,"covered":1,"skipped":0,"pct":50},"functions":{"total":1,"covered":0,"skipped":0,"pct":0},"statements":{"total":2,"covered":1,"skipped":0,"pct":50},"branches":{"total":0,"covered":0,"skipped":0,"pct":100}}
,"/home/runner/work/omxfc-vereinswebseite/omxfc-vereinswebseite/resources/js/hoerbuch-role-form.js": {"lines":{"total":45,"covered":45,"skipped":0,"pct":100},"functions":{"total":12,"covered":12,"skipped":0,"pct":100},"statements":{"total":51,"covered":50,"skipped":0,"pct":98.03},"branches":{"total":23,"covered":18,"skipped":0,"pct":78.26}}
,"/home/runner/work/omxfc-vereinswebseite/omxfc-vereinswebseite/resources/js/hoerbuecher.js": {"lines":{"total":72,"covered":72,"skipped":0,"pct":100},"functions":{"total":14,"covered":14,"skipped":0,"pct":100},"statements":{"total":74,"covered":74,"skipped":0,"pct":100},"branches":{"total":48,"covered":37,"skipped":0,"pct":77.08}}
,"/home/runner/work/omxfc-vereinswebseite/omxfc-vereinswebseite/resources/js/maddraxiversum.js": {"lines":{"total":126,"covered":113,"skipped":0,"pct":89.68},"functions":{"total":15,"covered":14,"skipped":0,"pct":93.33},"statements":{"total":128,"covered":114,"skipped":0,"pct":89.06},"branches":{"total":27,"covered":12,"skipped":0,"pct":44.44}}
,"/home/runner/work/omxfc-vereinswebseite/omxfc-vereinswebseite/resources/js/statistik.js": {"lines":{"total":32,"covered":32,"skipped":0,"pct":100},"functions":{"total":7,"covered":7,"skipped":0,"pct":100},"statements":{"total":37,"covered":37,"skipped":0,"pct":100},"branches":{"total":30,"covered":27,"skipped":0,"pct":90}}
,"/home/runner/work/omxfc-vereinswebseite/omxfc-vereinswebseite/resources/js/todos.js": {"lines":{"total":2,"covered":1,"skipped":0,"pct":50},"functions":{"total":1,"covered":0,"skipped":0,"pct":0},"statements":{"total":2,"covered":1,"skipped":0,"pct":50},"branches":{"total":0,"covered":0,"skipped":0,"pct":100}}
,"/home/runner/work/omxfc-vereinswebseite/omxfc-vereinswebseite/resources/js/dashboard/accessibility.js": {"lines":{"total":40,"covered":4,"skipped":0,"pct":10},"functions":{"total":9,"covered":0,"skipped":0,"pct":0},"statements":{"total":40,"covered":4,"skipped":0,"pct":10},"branches":{"total":29,"covered":0,"skipped":0,"pct":0}}
,"/home/runner/work/omxfc-vereinswebseite/omxfc-vereinswebseite/resources/js/utils/licenseEntries.js": {"lines":{"total":4,"covered":4,"skipped":0,"pct":100},"functions":{"total":1,"covered":1,"skipped":0,"pct":100},"statements":{"total":4,"covered":4,"skipped":0,"pct":100},"branches":{"total":7,"covered":6,"skipped":0,"pct":85.71}}
,"/home/runner/work/omxfc-vereinswebseite/omxfc-vereinswebseite/resources/js/utils/todoFilters.js": {"lines":{"total":50,"covered":46,"skipped":0,"pct":92},"functions":{"total":9,"covered":9,"skipped":0,"pct":100},"statements":{"total":50,"covered":46,"skipped":0,"pct":92},"branches":{"total":39,"covered":29,"skipped":0,"pct":74.35}}
}
