{"total": {"lines":{"total":2401,"covered":1446,"skipped":0,"pct":60.22},"statements":{"total":2538,"covered":1511,"skipped":0,"pct":59.53},"functions":{"total":368,"covered":209,"skipped":0,"pct":56.79},"branches":{"total":1398,"covered":613,"skipped":0,"pct":43.84},"branchesTrue":{"total":0,"covered":0,"skipped":0,"pct":100}}
,"/home/runner/work/omxfc-vereinswebseite/omxfc-vereinswebseite/resources/js/alpine-init.js": {"lines":{"total":18,"covered":12,"skipped":0,"pct":66.66},"functions":{"total":3,"covered":3,"skipped":0,"pct":100},"statements":{"total":19,"covered":13,"skipped":0,"pct":68.42},"branches":{"total":14,"covered":5,"skipped":0,"pct":35.71}}
,"/home/runner/work/omxfc-vereinswebseite/omxfc-vereinswebseite/resources/js/app.js": {"lines":{"total":47,"covered":27,"skipped":0,"pct":57.44},"functions":{"total":7,"covered":3,"skipped":0,"pct":42.85},"statements":{"total":47,"covered":27,"skipped":0,"pct":57.44},"branches":{"total":21,"covered":7,"skipped":0,"pct":33.33}}
,"/home/runner/work/omxfc-vereinswebseite/omxfc-vereinswebseite/resources/js/bootstrap.js": {"lines":{"total":2,"covered":2,"skipped":0,"pct":100},"functions":{"total":0,"covered":0,"skipped":0,"pct":100},"statements":{"total":2,"covered":2,"skipped":0,"pct":100},"branches":{"total":0,"covered":0,"skipped":0,"pct":100}}
,"/home/runner/work/omxfc-vereinswebseite/omxfc-vereinswebseite/resources/js/changelog.js": {"lines":{"total":74,"covered":73,"skipped":0,"pct":98.64},"functions":{"total":5,"covered":4,"skipped":0,"pct":80},"statements":{"total":74,"covered":73,"skipped":0,"pct":98.64},"branches":{"total":22,"covered":19,"skipped":0,"pct":86.36}}
,"/home/runner/work/omxfc-vereinswebseite/omxfc-vereinswebseite/resources/js/char-editor.js": {"lines":{"total":480,"covered":432,"skipped":0,"pct":90},"functions":{"total":78,"covered":74,"skipped":0,"pct":94.87},"statements":{"total":547,"covered":477,"skipped":0,"pct":87.2},"branches":{"total":288,"covered":190,"skipped":0,"pct":65.97}}
,"/home/runner/work/omxfc-vereinswebseite/omxfc-vereinswebseite/resources/js/chronik.js": {"lines":{"total":29,"covered":29,"skipped":0,"pct":100},"functions":{"total":4,"covered":4,"skipped":0,"pct":100},"statements":{"total":31,"covered":31,"skipped":0,"pct":100},"branches":{"total":12,"covered":10,"skipped":0,"pct":83.33}}
,"/home/runner/work/omxfc-vereinswebseite/omxfc-vereinswebseite/resources/js/dashboard.js": {"lines":{"total":4,"covered":2,"skipped":0,"pct":50},"functions":{"total":2,"covered":0,"skipped":0,"pct":0},"statements":{"total":4,"covered":2,"skipped":0,"pct":50},"branches":{"total":0,"covered":0,"skipped":0,"pct":100}}
,"/home/runner/work/omxfc-vereinswebseite/omxfc-vereinswebseite/resources/js/fotogalerie.js": {"lines":{"total":48,"covered":2,"skipped":0,"pct":4.16},"functions":{"total":14,"covered":0,"skipped":0,"pct":0},"statements":{"total":52,"covered":2,"skipped":0,"pct":3.84},"branches":{"total":16,"covered":0,"skipped":0,"pct":0}}
,"/home/runner/work/omxfc-vereinswebseite/omxfc-vereinswebseite/resources/js/hoerbuch-role-form.js": {"lines":{"total":64,"covered":62,"skipped":0,"pct":96.87},"functions":{"total":15,"covered":15,"skipped":0,"pct":100},"statements":{"total":73,"covered":68,"skipped":0,"pct":93.15},"branches":{"total":44,"covered":34,"skipped":0,"pct":77.27}}
,"/home/runner/work/omxfc-vereinswebseite/omxfc-vereinswebseite/resources/js/hoerbuch-role-upload-toggle.js": {"lines":{"total":21,"covered":19,"skipped":0,"pct":90.47},"functions":{"total":3,"covered":3,"skipped":0,"pct":100},"statements":{"total":22,"covered":19,"skipped":0,"pct":86.36},"branches":{"total":12,"covered":7,"skipped":0,"pct":58.33}}
,"/home/runner/work/omxfc-vereinswebseite/omxfc-vereinswebseite/resources/js/hoerbuecher.js": {"lines":{"total":100,"covered":98,"skipped":0,"pct":98},"functions":{"total":14,"covered":14,"skipped":0,"pct":100},"statements":{"total":102,"covered":100,"skipped":0,"pct":98.03},"branches":{"total":74,"covered":59,"skipped":0,"pct":79.72}}
,"/home/runner/work/omxfc-vereinswebseite/omxfc-vereinswebseite/resources/js/home.js": {"lines":{"total":82,"covered":3,"skipped":0,"pct":3.65},"functions":{"total":9,"covered":0,"skipped":0,"pct":0},"statements":{"total":86,"covered":3,"skipped":0,"pct":3.48},"branches":{"total":20,"covered":0,"skipped":0,"pct":0}}
,"/home/runner/work/omxfc-vereinswebseite/omxfc-vereinswebseite/resources/js/kompendium.js": {"lines":{"total":141,"covered":4,"skipped":0,"pct":2.83},"functions":{"total":22,"covered":0,"skipped":0,"pct":0},"statements":{"total":152,"covered":4,"skipped":0,"pct":2.63},"branches":{"total":46,"covered":0,"skipped":0,"pct":0}}
,"/home/runner/work/omxfc-vereinswebseite/omxfc-vereinswebseite/resources/js/maddraxiversum.js": {"lines":{"total":124,"covered":111,"skipped":0,"pct":89.51},"functions":{"total":14,"covered":13,"skipped":0,"pct":92.85},"statements":{"total":126,"covered":112,"skipped":0,"pct":88.88},"branches":{"total":27,"covered":12,"skipped":0,"pct":44.44}}
,"/home/runner/work/omxfc-vereinswebseite/omxfc-vereinswebseite/resources/js/mitglied-werden.js": {"lines":{"total":110,"covered":2,"skipped":0,"pct":1.81},"functions":{"total":8,"covered":0,"skipped":0,"pct":0},"statements":{"total":113,"covered":2,"skipped":0,"pct":1.76},"branches":{"total":64,"covered":0,"skipped":0,"pct":0}}
,"/home/runner/work/omxfc-vereinswebseite/omxfc-vereinswebseite/resources/js/romantausch-dropzone.js": {"lines":{"total":269,"covered":208,"skipped":0,"pct":77.32},"functions":{"total":41,"covered":26,"skipped":0,"pct":63.41},"statements":{"total":272,"covered":208,"skipped":0,"pct":76.47},"branches":{"total":136,"covered":68,"skipped":0,"pct":50}}
,"/home/runner/work/omxfc-vereinswebseite/omxfc-vereinswebseite/resources/js/romantausch-gallery.js": {"lines":{"total":184,"covered":139,"skipped":0,"pct":75.54},"functions":{"total":31,"covered":24,"skipped":0,"pct":77.41},"statements":{"total":189,"covered":141,"skipped":0,"pct":74.6},"branches":{"total":138,"covered":81,"skipped":0,"pct":58.69}}
,"/home/runner/work/omxfc-vereinswebseite/omxfc-vereinswebseite/resources/js/statistik-navigation.js": {"lines":{"total":70,"covered":9,"skipped":0,"pct":12.85},"functions":{"total":11,"covered":1,"skipped":0,"pct":9.09},"statements":{"total":71,"covered":10,"skipped":0,"pct":14.08},"branches":{"total":47,"covered":4,"skipped":0,"pct":8.51}}
,"/home/runner/work/omxfc-vereinswebseite/omxfc-vereinswebseite/resources/js/statistik.js": {"lines":{"total":49,"covered":49,"skipped":0,"pct":100},"functions":{"total":7,"covered":7,"skipped":0,"pct":100},"statements":{"total":56,"covered":54,"skipped":0,"pct":96.42},"branches":{"total":50,"covered":45,"skipped":0,"pct":90}}
,"/home/runner/work/omxfc-vereinswebseite/omxfc-vereinswebseite/resources/js/todos.js": {"lines":{"total":7,"covered":6,"skipped":0,"pct":85.71},"functions":{"total":1,"covered":1,"skipped":0,"pct":100},"statements":{"total":7,"covered":6,"skipped":0,"pct":85.71},"branches":{"total":2,"covered":1,"skipped":0,"pct":50}}
,"/home/runner/work/omxfc-vereinswebseite/omxfc-vereinswebseite/resources/js/dashboard/accessibility.js": {"lines":{"total":40,"covered":4,"skipped":0,"pct":10},"functions":{"total":9,"covered":0,"skipped":0,"pct":0},"statements":{"total":40,"covered":4,"skipped":0,"pct":10},"branches":{"total":29,"covered":0,"skipped":0,"pct":0}}
,"/home/runner/work/omxfc-vereinswebseite/omxfc-vereinswebseite/resources/js/kassenbuch/modals.js": {"lines":{"total":16,"covered":9,"skipped":0,"pct":56.25},"functions":{"total":6,"covered":0,"skipped":0,"pct":0},"statements":{"total":19,"covered":9,"skipped":0,"pct":47.36},"branches":{"total":4,"covered":1,"skipped":0,"pct":25}}
,"/home/runner/work/omxfc-vereinswebseite/omxfc-vereinswebseite/resources/js/mitglieder/accessibility.js": {"lines":{"total":76,"covered":18,"skipped":0,"pct":23.68},"functions":{"total":14,"covered":1,"skipped":0,"pct":7.14},"statements":{"total":77,"covered":18,"skipped":0,"pct":23.37},"branches":{"total":84,"covered":5,"skipped":0,"pct":5.95}}
,"/home/runner/work/omxfc-vereinswebseite/omxfc-vereinswebseite/resources/js/mitglieder/karte.js": {"lines":{"total":57,"covered":3,"skipped":0,"pct":5.26},"functions":{"total":6,"covered":0,"skipped":0,"pct":0},"statements":{"total":62,"covered":3,"skipped":0,"pct":4.83},"branches":{"total":36,"covered":0,"skipped":0,"pct":0}}
,"/home/runner/work/omxfc-vereinswebseite/omxfc-vereinswebseite/resources/js/mitglieder/map-utils.js": {"lines":{"total":26,"covered":9,"skipped":0,"pct":34.61},"functions":{"total":9,"covered":1,"skipped":0,"pct":11.11},"statements":{"total":28,"covered":9,"skipped":0,"pct":32.14},"branches":{"total":24,"covered":6,"skipped":0,"pct":25}}
,"/home/runner/work/omxfc-vereinswebseite/omxfc-vereinswebseite/resources/js/polls/charts.js": {"lines":{"total":105,"covered":19,"skipped":0,"pct":18.09},"functions":{"total":12,"covered":0,"skipped":0,"pct":0},"statements":{"total":105,"covered":19,"skipped":0,"pct":18.09},"branches":{"total":62,"covered":0,"skipped":0,"pct":0}}
,"/home/runner/work/omxfc-vereinswebseite/omxfc-vereinswebseite/resources/js/protokolle/accordion.js": {"lines":{"total":42,"covered":13,"skipped":0,"pct":30.95},"functions":{"total":6,"covered":2,"skipped":0,"pct":33.33},"statements":{"total":42,"covered":13,"skipped":0,"pct":30.95},"branches":{"total":39,"covered":10,"skipped":0,"pct":25.64}}
,"/home/runner/work/omxfc-vereinswebseite/omxfc-vereinswebseite/resources/js/romantausch/serien-filter.js": {"lines":{"total":31,"covered":2,"skipped":0,"pct":6.45},"functions":{"total":4,"covered":0,"skipped":0,"pct":0},"statements":{"total":35,"covered":2,"skipped":0,"pct":5.71},"branches":{"total":22,"covered":0,"skipped":0,"pct":0}}
,"/home/runner/work/omxfc-vereinswebseite/omxfc-vereinswebseite/resources/js/utils/dashboard.js": {"lines":{"total":24,"covered":24,"skipped":0,"pct":100},"functions":{"total":2,"covered":2,"skipped":0,"pct":100},"statements":{"total":24,"covered":24,"skipped":0,"pct":100},"branches":{"total":15,"covered":11,"skipped":0,"pct":73.33}}
,"/home/runner/work/omxfc-vereinswebseite/omxfc-vereinswebseite/resources/js/utils/licenseEntries.js": {"lines":{"total":4,"covered":4,"skipped":0,"pct":100},"functions":{"total":1,"covered":1,"skipped":0,"pct":100},"statements":{"total":4,"covered":4,"skipped":0,"pct":100},"branches":{"total":7,"covered":6,"skipped":0,"pct":85.71}}
,"/home/runner/work/omxfc-vereinswebseite/omxfc-vereinswebseite/resources/js/utils/todoFilters.js": {"lines":{"total":57,"covered":52,"skipped":0,"pct":91.22},"functions":{"total":10,"covered":10,"skipped":0,"pct":100},"statements":{"total":57,"covered":52,"skipped":0,"pct":91.22},"branches":{"total":43,"covered":32,"skipped":0,"pct":74.41}}
}
